11 21
5 3.82218097465632
1.00000000080169 3.82218097276856
1.64716367838576 9.66662195377014e-11
0.14020480019684 5.98479082688251e-10
0.236566024159835 6.03165081522207e-10
1.6383953574746 9.63555690100498e-11
-2.7920972756057e-09 0.306264498529501
0.10920286297582 1.53765010800238e-09
-4.85077143730361e-09 0.331786542363184
0.120459388626337 4.06651142913119e-10
0.150140307686188 5.85981252566229e-10
-4.36438291062657e-09 0.361948955181388
3.82218097465632 9.78717107358307e-13
3.63823339211022e-11 2.38886310756877
2.5996326683266e-11 2.38886311131916
4.01571052124092e-11 2.00664501601872
2.96762598884672e-11 2.3888631110894
1.32398242039824e-10 0.955545245050079
0.0430372586398251 3.80745190931009e-09
4.35337180025699e-11 2.38886310571974
6.83729308767522e-11 1.43331787512173
1.03960686328715e-10 0.955545251506767
0.0103686843566083 1.41304052903024e-08
6.67827500506445e-11 0.955545238847075
0.371641443052225 1.89878113232567e-10
4.41581112044056e-11 2.38886309951673
4.24001070099668e-11 1.43331786929658
7.35326276462557e-11 0.955545243096188
0.0165612762384059 8.30525692663286e-09
0.203974624840577 2.61111132715541e-10
5.42932588411899e-11 2.38886309277317
0.339520494863189 1.69206204603256e-10
0.0148962180492164 1.52981390888485e-08
